Flight Log:

OVERHEAD : 
[
100 FT HOVER
100 FT PASSOVER FULL SPEED
100 FT PASSOVER SLOW

200 FT HOVER
200 FT PASSOVER FAST
200 FT PASSOVER SLOW
] 

45 DEG OFF
 
[
100 FT HOVER
100 FT PASSOVER FULL SPEED
100 FT PASSOVER SLOW

200 FT HOVER
200 FT PASSOVER FAST
200 FT PASSOVER SLOW
] 

FAR FIELD:
[
100 FT ALT, 200 FT DIST HOVER
100 FT ALT, 300 FT DIST HOVER
200 FT ALT, 300 FT DIST HOVER
]

FLIGHT ENTRY SAMPLE:
NAME OF FILE
OV SD FAR
1/2/12
HOVER
PASSFULL
PASSSLOW

FLIGHT LOG:
seconds of time start phase.
Any unusual noise.

TRUE FLIGHT LOG:

HOVER: NTR

OV1PASSFULL: 9-21 SEC (15SEC MAX)

OV1PASSSLOW: 5-25 SEC (17SEC MAX)

HOVER: NTR

OV2PASSFULL: 9-16 SEC (12-3SEC MAX)

OV2PASSSLOW: 5-21 SEC (15-6SEC MAX)

HOVER: NTR

SD1PASSFULL: 9 - 17 SEC (13 SEC MAX)

SD1PASSSLOW: 5 - 23 SEC (14 SEC MAX)

EACH HOVER: 20SEC
EACH PASS: 30SEC
